<?xml version="1.0" encoding="UTF-8"?>
<testsuite xmlns:xsi="http://www.w3.org/2001/XMLSchema-instance" xsi:noNamespaceSchemaLocation="https://maven.apache.org/surefire/maven-surefire-plugin/xsd/surefire-test-report-3.0.xsd" version="3.0" name="com.mengnankk.post.ForumPostApplicationTests" time="6.894" tests="1" errors="0" skipped="0" failures="0">
  <properties>
[...]
</properties>
  <testcase name="contextLoads" classname="com.mengnankk.post.ForumPostApplicationTests" time="0.819">
    <system-out><![CDATA[Standard Commons Logging discovery in action with spring-jcl: please remove commons-logging.jar from classpath in order to avoid potential conflicts
14:37:38.743 [main] INFO org.springframework.test.context.support.AnnotationConfigContextLoaderUtils -- Could not detect default configuration classes for test class [com.mengnankk.post.ForumPostApplicationTests]: ForumPostApplicationTests does not declare any static, non-private, non-final, nested classes annotated with @Configuration.
14:37:38.825 [main] INFO org.springframework.boot.test.context.SpringBootTestContextBootstrapper -- Found @SpringBootConfiguration com.mengnankk.post.ForumPostApplication for test class com.mengnankk.post.ForumPostApplicationTests

  .   ____          _            __ _ _
 /\\ / ___'_ __ _ _(_)_ __  __ _ \ \ \ \
( ( )\___ | '_ | '_| | '_ \/ _` | \ \ \ \
 \\/  ___)| |_)| | | | | || (_| |  ) ) ) )
  '  |____| .__|_| |_|_| |_\__, | / / / /
 =========|_|==============|___/=/_/_/_/
 :: Spring Boot ::                (v3.2.5)

2025-08-09T14:37:40.333+08:00  INFO 14404 --- [forum-post] [           main] c.m.post.ForumPostApplicationTests       : Starting ForumPostApplicationTests using Java 17 with PID 14404 (started by ikeife in E:\github\springaialibaba-example\forum-post)
2025-08-09T14:37:40.335+08:00  INFO 14404 --- [forum-post] [           main] c.m.post.ForumPostApplicationTests       : No active profile set, falling back to 1 default profile: "default"
2025-08-09T14:37:41.141+08:00  INFO 14404 --- [forum-post] [           main] .s.d.r.c.RepositoryConfigurationDelegate : Multiple Spring Data modules found, entering strict repository configuration mode
2025-08-09T14:37:41.144+08:00  INFO 14404 --- [forum-post] [           main] .s.d.r.c.RepositoryConfigurationDelegate : Bootstrapping Spring Data Redis repositories in DEFAULT mode.
2025-08-09T14:37:41.169+08:00  INFO 14404 --- [forum-post] [           main] .s.d.r.c.RepositoryConfigurationDelegate : Finished Spring Data repository scanning in 4 ms. Found 0 Redis repository interfaces.
2025-08-09T14:37:41.277+08:00  WARN 14404 --- [forum-post] [           main] o.m.s.mapper.ClassPathMapperScanner      : No MyBatis mapper was found in '[com.mengnankk.post]' package. Please check your configuration.
2025-08-09T14:37:41.354+08:00  INFO 14404 --- [forum-post] [           main] o.s.cloud.context.scope.GenericScope     : BeanFactory id=86443584-ac41-306b-86b7-544711059cbb
2025-08-09T14:37:41.542+08:00  WARN 14404 --- [forum-post] [           main] trationDelegate$BeanPostProcessorChecker : Bean 'org.apache.rocketmq.spring.autoconfigure.ListenerContainerConfiguration' of type [org.apache.rocketmq.spring.autoconfigure.ListenerContainerConfiguration$$SpringCGLIB$$0] is not eligible for getting processed by all BeanPostProcessors (for example: not eligible for auto-proxying). Is this bean getting eagerly injected into a currently created BeanPostProcessor [org.apache.rocketmq.spring.annotation.RocketMQMessageListenerBeanPostProcessor]? Check the corresponding BeanPostProcessor declaration and its dependencies.
2025-08-09T14:37:41.546+08:00  WARN 14404 --- [forum-post] [           main] trationDelegate$BeanPostProcessorChecker : Bean 'org.apache.rocketmq.spring.autoconfigure.MessageConverterConfiguration' of type [org.apache.rocketmq.spring.autoconfigure.MessageConverterConfiguration$$SpringCGLIB$$0] is not eligible for getting processed by all BeanPostProcessors (for example: not eligible for auto-proxying). Is this bean getting eagerly injected into a currently created BeanPostProcessor [org.apache.rocketmq.spring.annotation.RocketMQMessageListenerBeanPostProcessor]? Check the corresponding BeanPostProcessor declaration and its dependencies.
2025-08-09T14:37:41.623+08:00  WARN 14404 --- [forum-post] [           main] trationDelegate$BeanPostProcessorChecker : Bean 'createRocketMQMessageConverter' of type [org.apache.rocketmq.spring.support.RocketMQMessageConverter] is not eligible for getting processed by all BeanPostProcessors (for example: not eligible for auto-proxying). Is this bean getting eagerly injected into a currently created BeanPostProcessor [org.apache.rocketmq.spring.annotation.RocketMQMessageListenerBeanPostProcessor]? Check the corresponding BeanPostProcessor declaration and its dependencies.
2025-08-09T14:37:41.629+08:00  WARN 14404 --- [forum-post] [           main] trationDelegate$BeanPostProcessorChecker : Bean 'org.springframework.cloud.commons.config.CommonsConfigAutoConfiguration' of type [org.springframework.cloud.commons.config.CommonsConfigAutoConfiguration] is not eligible for getting processed by all BeanPostProcessors (for example: not eligible for auto-proxying). Is this bean getting eagerly injected into a currently created BeanPostProcessor [org.apache.rocketmq.spring.annotation.RocketMQMessageListenerBeanPostProcessor]? Check the corresponding BeanPostProcessor declaration and its dependencies.
2025-08-09T14:37:41.632+08:00  WARN 14404 --- [forum-post] [           main] trationDelegate$BeanPostProcessorChecker : Bean 'org.springframework.cloud.client.loadbalancer.LoadBalancerDefaultMappingsProviderAutoConfiguration' of type [org.springframework.cloud.client.loadbalancer.LoadBalancerDefaultMappingsProviderAutoConfiguration] is not eligible for getting processed by all BeanPostProcessors (for example: not eligible for auto-proxying). Is this bean getting eagerly injected into a currently created BeanPostProcessor [org.apache.rocketmq.spring.annotation.RocketMQMessageListenerBeanPostProcessor]? Check the corresponding BeanPostProcessor declaration and its dependencies.
2025-08-09T14:37:41.634+08:00  WARN 14404 --- [forum-post] [           main] trationDelegate$BeanPostProcessorChecker : Bean 'loadBalancerClientsDefaultsMappingsProvider' of type [org.springframework.cloud.client.loadbalancer.LoadBalancerDefaultMappingsProviderAutoConfiguration$$Lambda$941/0x00000008010ab948] is not eligible for getting processed by all BeanPostProcessors (for example: not eligible for auto-proxying). Is this bean getting eagerly injected into a currently created BeanPostProcessor [org.apache.rocketmq.spring.annotation.RocketMQMessageListenerBeanPostProcessor]? Check the corresponding BeanPostProcessor declaration and its dependencies.
2025-08-09T14:37:41.635+08:00  WARN 14404 --- [forum-post] [           main] trationDelegate$BeanPostProcessorChecker : Bean 'defaultsBindHandlerAdvisor' of type [org.springframework.cloud.commons.config.DefaultsBindHandlerAdvisor] is not eligible for getting processed by all BeanPostProcessors (for example: not eligible for auto-proxying). Is this bean getting eagerly injected into a currently created BeanPostProcessor [org.apache.rocketmq.spring.annotation.RocketMQMessageListenerBeanPostProcessor]? Check the corresponding BeanPostProcessor declaration and its dependencies.
2025-08-09T14:37:41.640+08:00  WARN 14404 --- [forum-post] [           main] trationDelegate$BeanPostProcessorChecker : Bean 'rocketmq-org.apache.rocketmq.spring.autoconfigure.RocketMQProperties' of type [org.apache.rocketmq.spring.autoconfigure.RocketMQProperties] is not eligible for getting processed by all BeanPostProcessors (for example: not eligible for auto-proxying). Is this bean getting eagerly injected into a currently created BeanPostProcessor [org.apache.rocketmq.spring.annotation.RocketMQMessageListenerBeanPostProcessor]? Check the corresponding BeanPostProcessor declaration and its dependencies.
2025-08-09T14:37:41.643+08:00  WARN 14404 --- [forum-post] [           main] trationDelegate$BeanPostProcessorChecker : Bean 'rocketMQMessageListenerContainerRegistrar' of type [org.apache.rocketmq.spring.support.RocketMQMessageListenerContainerRegistrar] is not eligible for getting processed by all BeanPostProcessors (for example: not eligible for auto-proxying). Is this bean getting eagerly injected into a currently created BeanPostProcessor [org.apache.rocketmq.spring.annotation.RocketMQMessageListenerBeanPostProcessor]? Check the corresponding BeanPostProcessor declaration and its dependencies.
 _ _   |_  _ _|_. ___ _ |    _ 
| | |\/|_)(_| | |_\  |_)||_|_\ 
     /               |         
                        3.5.6 
2025-08-09T14:37:42.539+08:00  WARN 14404 --- [forum-post] [           main] o.a.r.s.a.RocketMQAutoConfiguration      : The necessary spring property 'rocketmq.name-server' is not defined, all rockertmq beans creation are skipped!
2025-08-09T14:37:44.567+08:00  INFO 14404 --- [forum-post] [           main] o.s.cloud.commons.util.InetUtils         : Cannot determine local hostname
2025-08-09T14:37:44.621+08:00  INFO 14404 --- [forum-post] [           main] c.m.post.ForumPostApplicationTests       : Started ForumPostApplicationTests in 5.649 seconds (process running for 6.515)
]]></system-out>
  </testcase>
</testsuite>